undefined

undefined

undefined

undefined

undefined

undefined

undefined

Sun Jan 16 2022 19:42:49 GMT+0200 (Itä-Euroopan normaaliaika) huolto lisätty.

Sun Jan 16 2022 19:43:29 GMT+0200 (Itä-Euroopan normaaliaika) huolto lisätty.

Sun Jan 23 2022 10:16:46 GMT+0200 (Itä-Euroopan normaaliaika) huolto lisätty.

undefined

Sun Jan 23 2022 14:39:52 GMT+0200 (Itä-Euroopan normaaliaika) huolto lisätty.

Sun Jan 23 2022 14:48:43 GMT+0200 (Itä-Euroopan normaaliaika) huolto lisätty.

undefined

undefined

undefined

undefined

undefined

undefined

undefined

undefined

undefined

undefined

undefined

undefined

undefined

undefined

undefined

undefined

undefined

undefined

undefined

undefined

undefined

Sun Jan 23 2022 19:43:06 GMT+0200 (Itä-Euroopan normaaliaika) huolto lisätty.

Sun Jan 23 2022 19:43:34 GMT+0200 (Itä-Euroopan normaaliaika) huolto lisätty.

undefined

undefined

undefined

undefined

undefined

Wed Jan 26 2022 15:35:25 GMT+0200 (Itä-Euroopan normaaliaika)_error: ReferenceError: sijanti is not defined

Wed Jan 26 2022 15:36:27 GMT+0200 (Itä-Euroopan normaaliaika): Huolto lisätty seuraavilla parametreillä: null, null, 0, Tuusula, test, 2022-01-26

Wed Jan 26 2022 15:41:21 GMT+0200 (Itä-Euroopan normaaliaika): Huolto lisätty seuraavilla parametreillä: null, null, 0, Tuusula, -, 2022-01-26

Wed Jan 26 2022 15:43:01 GMT+0200 (Itä-Euroopan normaaliaika): Huolto lisätty seuraavilla parametreillä: Kawasaki KX 250F (2008), Pikahuolto, 0, Tuusula, -, 2022-01-26

